Using pre-set license
Built from '2020.3/staging' branch; Version is '2020.3.6f1 (338bb68529b2) revision 3378102'; Using compiler version '192528614'; Build Type 'Release'
OS: 'Windows 10 Pro; OS build 19042.1052; Version 2009; 64bit' Language: 'pt' Physical Memory: 16221 MB
BatchMode: 1, IsHumanControllingUs: 0, StartBugReporterOnCrash: 0, Is64bit: 1, IsPro: 0

 COMMAND LINE ARGUMENTS:
C:\Program Files\Unity\Hub\Editor\2020.3.6f1\Editor\Unity.exe
-adb2
-batchMode
-noUpm
-name
AssetImportWorker0
-projectPath
C:/Users/caiom/OneDrive/Documentos/GitHub/roguelike-barroso/Roguelike Unity
-logFile
Logs/AssetImportWorker0.log
-srvPort
51615
Successfully changed project path to: C:/Users/caiom/OneDrive/Documentos/GitHub/roguelike-barroso/Roguelike Unity
C:/Users/caiom/OneDrive/Documentos/GitHub/roguelike-barroso/Roguelike Unity
Using Asset Import Pipeline V2.
Refreshing native plugins compatible for Editor in 47.12 ms, found 3 plugins.
Preloading 0 native plugins for Editor in 0.00 ms.
Initialize engine version: 2020.3.6f1 (338bb68529b2)
[Subsystems] Discovering subsystems at path C:/Program Files/Unity/Hub/Editor/2020.3.6f1/Editor/Data/Resources/UnitySubsystems
[Subsystems] Discovering subsystems at path C:/Users/caiom/OneDrive/Documentos/GitHub/roguelike-barroso/Roguelike Unity/Assets
GfxDevice: creating device client; threaded=0
Direct3D:
    Version:  Direct3D 11.0 [level 11.1]
    Renderer: NVIDIA GeForce GTX 1650 (ID=0x1f91)
    Vendor:   
    VRAM:     3962 MB
    Driver:   27.21.14.6089
Initialize mono
Mono path[0] = 'C:/Program Files/Unity/Hub/Editor/2020.3.6f1/Editor/Data/Managed'
Mono path[1] = 'C:/Program Files/Unity/Hub/Editor/2020.3.6f1/Editor/Data/MonoBleedingEdge/lib/mono/unityjit'
Mono config path = 'C:/Program Files/Unity/Hub/Editor/2020.3.6f1/Editor/Data/MonoBleedingEdge/etc'
Using monoOptions --debugger-agent=transport=dt_socket,embedding=1,server=y,suspend=n,address=127.0.0.1:56776
Begin MonoManager ReloadAssembly
Registering precompiled unity dll's ...
Register platform support module: C:/Program Files/Unity/Hub/Editor/2020.3.6f1/Editor/Data/PlaybackEngines/WindowsStandaloneSupport/UnityEditor.WindowsStandalone.Extensions.dll
Registered in 0.002341 seconds.
Native extension for WindowsStandalone target not found
Refreshing native plugins compatible for Editor in 46.49 ms, found 3 plugins.
Preloading 0 native plugins for Editor in 0.00 ms.
Mono: successfully reloaded assembly
- Completed reload, in  1.945 seconds
Platform modules already initialized, skipping
Registering precompiled user dll's ...
Registered in 0.004724 seconds.
Begin MonoManager ReloadAssembly
Native extension for WindowsStandalone target not found
Refreshing native plugins compatible for Editor in 58.59 ms, found 3 plugins.
Preloading 0 native plugins for Editor in 0.00 ms.
Mono: successfully reloaded assembly
- Completed reload, in  1.393 seconds
Platform modules already initialized, skipping
========================================================================
Worker process is ready to serve import requests
Launched and connected shader compiler UnityShaderCompiler.exe after 0.05 seconds
Refreshing native plugins compatible for Editor in 0.48 ms, found 3 plugins.
Preloading 0 native plugins for Editor in 0.00 ms.
Unloading 2384 Unused Serialized files (Serialized files now loaded: 0)
System memory in use before: 104.1 MB.
System memory in use after: 104.3 MB.

Unloading 30 unused Assets to reduce memory usage. Loaded Objects now: 2824.
Total: 3.923300 ms (FindLiveObjects: 0.371400 ms CreateObjectMapping: 0.232800 ms MarkObjects: 3.224700 ms  DeleteObjects: 0.093000 ms)

========================================================================
Received Import Request.
  path: Assets/Scenes
  artifactKey: Guid(2362e9e598ab9c14c879793c4ed949ef) Importer(815301076,1909f56bfc062723c751e8b465ee728b)
Start importing Assets/Scenes using Guid(2362e9e598ab9c14c879793c4ed949ef) Importer(815301076,1909f56bfc062723c751e8b465ee728b)  -> (artifact id: '98db335181328932e4fae1faac6fc22c') in 0.013585 seconds
  Import took 0.018319 seconds .

========================================================================
Received Import Request.
  Time since last request: 0.000445 seconds.
  path: Assets/Scenes/SampleScene.unity
  artifactKey: Guid(2cda990e2423bbf4892e6590ba056729) Importer(815301076,1909f56bfc062723c751e8b465ee728b)
Start importing Assets/Scenes/SampleScene.unity using Guid(2cda990e2423bbf4892e6590ba056729) Importer(815301076,1909f56bfc062723c751e8b465ee728b)  -> (artifact id: 'fa875d2e39c554c35ed07bd46c90b896') in 0.019507 seconds
  Import took 0.025417 seconds .

========================================================================
Received Import Request.
  Time since last request: 51.543617 seconds.
  path: Assets/Sprites/Dungeon.png
  artifactKey: Guid(a69de75b700509a4bbf442e478073743) Importer(815301076,1909f56bfc062723c751e8b465ee728b)
Start importing Assets/Sprites/Dungeon.png using Guid(a69de75b700509a4bbf442e478073743) Importer(815301076,1909f56bfc062723c751e8b465ee728b)  -> (artifact id: '9d35bf2bce8949142f9bf67b827feec4') in 0.107415 seconds
  Import took 0.112213 seconds .

========================================================================
Received Import Request.
  Time since last request: 1.301710 seconds.
  path: Assets/Sprites/Player
  artifactKey: Guid(4754b82079f3bf14e90dc576ed5872e2) Importer(815301076,1909f56bfc062723c751e8b465ee728b)
Start importing Assets/Sprites/Player using Guid(4754b82079f3bf14e90dc576ed5872e2) Importer(815301076,1909f56bfc062723c751e8b465ee728b)  -> (artifact id: 'f6a17ec1f60b611e349e2a6ea6507890') in 0.008343 seconds
  Import took 0.013340 seconds .

========================================================================
Received Import Request.
  Time since last request: 12.092688 seconds.
  path: Assets/Sprites/Blue Staff.png
  artifactKey: Guid(3cb80fac74f6c0e4bae91e7600ea394a) Importer(815301076,1909f56bfc062723c751e8b465ee728b)
Start importing Assets/Sprites/Blue Staff.png using Guid(3cb80fac74f6c0e4bae91e7600ea394a) Importer(815301076,1909f56bfc062723c751e8b465ee728b)  -> (artifact id: 'e50859c974a4f5b6ecad49c68c8dc70b') in 0.022016 seconds
  Import took 0.027802 seconds .

========================================================================
Received Import Request.
  Time since last request: 69.415599 seconds.
  path: Assets/Sprites/Blue Staff.png
  artifactKey: Guid(3cb80fac74f6c0e4bae91e7600ea394a) Importer(815301076,1909f56bfc062723c751e8b465ee728b)
Start importing Assets/Sprites/Blue Staff.png using Guid(3cb80fac74f6c0e4bae91e7600ea394a) Importer(815301076,1909f56bfc062723c751e8b465ee728b)  -> (artifact id: '0028c59b8f1b58a281cbe94d7c4f5575') in 0.010919 seconds
  Import took 0.017226 seconds .

========================================================================
Received Import Request.
  Time since last request: 0.009490 seconds.
  path: Assets/Sprites/Blue Staff.png
  artifactKey: Guid(3cb80fac74f6c0e4bae91e7600ea394a) Importer(815301076,1909f56bfc062723c751e8b465ee728b)
Start importing Assets/Sprites/Blue Staff.png using Guid(3cb80fac74f6c0e4bae91e7600ea394a) Importer(815301076,1909f56bfc062723c751e8b465ee728b)  -> (artifact id: '0028c59b8f1b58a281cbe94d7c4f5575') in 0.014928 seconds
  Import took 0.019819 seconds .

========================================================================
Received Import Request.
  Time since last request: 44.241409 seconds.
  path: Assets/Scripts
  artifactKey: Guid(aee9a106dfd45c54fb3d7347e720eea0) Importer(815301076,1909f56bfc062723c751e8b465ee728b)
Start importing Assets/Scripts using Guid(aee9a106dfd45c54fb3d7347e720eea0) Importer(815301076,1909f56bfc062723c751e8b465ee728b)  -> (artifact id: '82c45faa5404890005e96459abd51db5') in 0.011846 seconds
  Import took 0.015999 seconds .

========================================================================
Received Import Request.
  Time since last request: 9.765987 seconds.
  path: Assets/Scripts/Weapon
  artifactKey: Guid(414de8c9830462342a7af7c7023283f6) Importer(815301076,1909f56bfc062723c751e8b465ee728b)
Start importing Assets/Scripts/Weapon using Guid(414de8c9830462342a7af7c7023283f6) Importer(815301076,1909f56bfc062723c751e8b465ee728b)  -> (artifact id: '1119809e101e8ed82426d8ec1340b92c') in 0.013278 seconds
  Import took 0.018080 seconds .

========================================================================
Received Import Request.
  Time since last request: 23.464458 seconds.
  path: Assets/Scripts/Weapon/Weapon.cs
  artifactKey: Guid(567af44776249d34ca659ee8c104af2d) Importer(815301076,1909f56bfc062723c751e8b465ee728b)
Start importing Assets/Scripts/Weapon/Weapon.cs using Guid(567af44776249d34ca659ee8c104af2d) Importer(815301076,1909f56bfc062723c751e8b465ee728b)  -> (artifact id: '4baf99ffbeca2361b8711e1c83f2e8a4') in 0.015306 seconds
  Import took 0.021302 seconds .

========================================================================
Received Import Request.
  Time since last request: 0.006231 seconds.
  path: Assets/Scripts/Weapon/Weapon.cs
  artifactKey: Guid(567af44776249d34ca659ee8c104af2d) Importer(815301076,1909f56bfc062723c751e8b465ee728b)
Start importing Assets/Scripts/Weapon/Weapon.cs using Guid(567af44776249d34ca659ee8c104af2d) Importer(815301076,1909f56bfc062723c751e8b465ee728b)  -> (artifact id: '4baf99ffbeca2361b8711e1c83f2e8a4') in 0.004108 seconds
  Import took 0.011820 seconds .

========================================================================
Received Prepare
Registering precompiled user dll's ...
Registered in 0.004128 seconds.
Begin MonoManager ReloadAssembly
Native extension for WindowsStandalone target not found
Refreshing native plugins compatible for Editor in 0.46 ms, found 3 plugins.
Preloading 0 native plugins for Editor in 0.00 ms.
Mono: successfully reloaded assembly
- Completed reload, in  1.166 seconds
Platform modules already initialized, skipping
Refreshing native plugins compatible for Editor in 0.59 ms, found 3 plugins.
Preloading 0 native plugins for Editor in 0.00 ms.
Unloading 2375 Unused Serialized files (Serialized files now loaded: 0)
System memory in use before: 106.8 MB.
System memory in use after: 107.0 MB.

Unloading 16 unused Assets to reduce memory usage. Loaded Objects now: 2837.
Total: 2.813700 ms (FindLiveObjects: 0.241400 ms CreateObjectMapping: 0.108700 ms MarkObjects: 2.412200 ms  DeleteObjects: 0.050100 ms)

========================================================================
Received Import Request.
  Time since last request: 4.391939 seconds.
  path: Assets/Scripts/Input/InputActions.inputactions
  artifactKey: Guid(a48a929ef59f36443b4e226dcfa69fab) Importer(815301076,1909f56bfc062723c751e8b465ee728b)
Start importing Assets/Scripts/Input/InputActions.inputactions using Guid(a48a929ef59f36443b4e226dcfa69fab) Importer(815301076,1909f56bfc062723c751e8b465ee728b)  -> (artifact id: '4628cb3eabb3a2ad40548fbecf3dcd85') in 0.029909 seconds
  Import took 0.033874 seconds .

========================================================================
Received Import Request.
  Time since last request: 157.437203 seconds.
  path: Assets/Scripts/Input/InputActions.inputactions
  artifactKey: Guid(a48a929ef59f36443b4e226dcfa69fab) Importer(815301076,1909f56bfc062723c751e8b465ee728b)
Start importing Assets/Scripts/Input/InputActions.inputactions using Guid(a48a929ef59f36443b4e226dcfa69fab) Importer(815301076,1909f56bfc062723c751e8b465ee728b)  -> (artifact id: '2c20c4cb1c79626ec469a8a8b093aa0b') in 0.004327 seconds
  Import took 0.009413 seconds .

========================================================================
Received Prepare
Registering precompiled user dll's ...
Registered in 0.005037 seconds.
Begin MonoManager ReloadAssembly
Native extension for WindowsStandalone target not found
Refreshing native plugins compatible for Editor in 0.47 ms, found 3 plugins.
Preloading 0 native plugins for Editor in 0.00 ms.
Mono: successfully reloaded assembly
- Completed reload, in  1.182 seconds
Platform modules already initialized, skipping
Refreshing native plugins compatible for Editor in 0.52 ms, found 3 plugins.
Preloading 0 native plugins for Editor in 0.00 ms.
Unloading 2375 Unused Serialized files (Serialized files now loaded: 0)
System memory in use before: 106.8 MB.
System memory in use after: 107.1 MB.

Unloading 16 unused Assets to reduce memory usage. Loaded Objects now: 2841.
Total: 3.253600 ms (FindLiveObjects: 0.378200 ms CreateObjectMapping: 0.123200 ms MarkObjects: 2.701400 ms  DeleteObjects: 0.049700 ms)

========================================================================
Received Prepare
Registering precompiled user dll's ...
Registered in 0.003950 seconds.
Begin MonoManager ReloadAssembly
Native extension for WindowsStandalone target not found
Refreshing native plugins compatible for Editor in 0.46 ms, found 3 plugins.
Preloading 0 native plugins for Editor in 0.00 ms.
Mono: successfully reloaded assembly
- Completed reload, in  1.153 seconds
Platform modules already initialized, skipping
Refreshing native plugins compatible for Editor in 0.51 ms, found 3 plugins.
Preloading 0 native plugins for Editor in 0.00 ms.
Unloading 2375 Unused Serialized files (Serialized files now loaded: 0)
System memory in use before: 106.9 MB.
System memory in use after: 107.1 MB.

Unloading 16 unused Assets to reduce memory usage. Loaded Objects now: 2845.
Total: 3.099500 ms (FindLiveObjects: 0.382600 ms CreateObjectMapping: 0.139500 ms MarkObjects: 2.557700 ms  DeleteObjects: 0.017900 ms)

========================================================================
Received Import Request.
  Time since last request: 435.881897 seconds.
  path: Assets/Scripts/Weapon/Weapon.cs
  artifactKey: Guid(567af44776249d34ca659ee8c104af2d) Importer(815301076,1909f56bfc062723c751e8b465ee728b)
Start importing Assets/Scripts/Weapon/Weapon.cs using Guid(567af44776249d34ca659ee8c104af2d) Importer(815301076,1909f56bfc062723c751e8b465ee728b)  -> (artifact id: 'c3808249bc216535276880eb81213d23') in 0.012967 seconds
  Import took 0.017558 seconds .

========================================================================
Received Prepare
Registering precompiled user dll's ...
Registered in 0.004731 seconds.
Begin MonoManager ReloadAssembly
Native extension for WindowsStandalone target not found
Refreshing native plugins compatible for Editor in 0.46 ms, found 3 plugins.
Preloading 0 native plugins for Editor in 0.00 ms.
Mono: successfully reloaded assembly
- Completed reload, in  1.132 seconds
Platform modules already initialized, skipping
Refreshing native plugins compatible for Editor in 0.52 ms, found 3 plugins.
Preloading 0 native plugins for Editor in 0.00 ms.
Unloading 2375 Unused Serialized files (Serialized files now loaded: 0)
System memory in use before: 106.9 MB.
System memory in use after: 107.1 MB.

Unloading 16 unused Assets to reduce memory usage. Loaded Objects now: 2849.
Total: 2.965500 ms (FindLiveObjects: 0.256100 ms CreateObjectMapping: 0.101700 ms MarkObjects: 2.588100 ms  DeleteObjects: 0.018700 ms)

========================================================================
Received Prepare
Registering precompiled user dll's ...
Registered in 0.004711 seconds.
Begin MonoManager ReloadAssembly
Native extension for WindowsStandalone target not found
Refreshing native plugins compatible for Editor in 0.69 ms, found 3 plugins.
Preloading 0 native plugins for Editor in 0.00 ms.
Mono: successfully reloaded assembly
- Completed reload, in  1.146 seconds
Platform modules already initialized, skipping
Refreshing native plugins compatible for Editor in 0.51 ms, found 3 plugins.
Preloading 0 native plugins for Editor in 0.00 ms.
Unloading 2375 Unused Serialized files (Serialized files now loaded: 0)
System memory in use before: 106.8 MB.
System memory in use after: 107.0 MB.

Unloading 16 unused Assets to reduce memory usage. Loaded Objects now: 2853.
Total: 3.243500 ms (FindLiveObjects: 0.495800 ms CreateObjectMapping: 0.138000 ms MarkObjects: 2.587300 ms  DeleteObjects: 0.020400 ms)

========================================================================
Received Prepare
Registering precompiled user dll's ...
Registered in 0.004321 seconds.
Begin MonoManager ReloadAssembly
Native extension for WindowsStandalone target not found
Refreshing native plugins compatible for Editor in 0.48 ms, found 3 plugins.
Preloading 0 native plugins for Editor in 0.00 ms.
Mono: successfully reloaded assembly
- Completed reload, in  1.097 seconds
Platform modules already initialized, skipping
Refreshing native plugins compatible for Editor in 0.53 ms, found 3 plugins.
Preloading 0 native plugins for Editor in 0.00 ms.
Unloading 2375 Unused Serialized files (Serialized files now loaded: 0)
System memory in use before: 106.9 MB.
System memory in use after: 107.1 MB.

Unloading 16 unused Assets to reduce memory usage. Loaded Objects now: 2857.
Total: 3.162700 ms (FindLiveObjects: 0.501300 ms CreateObjectMapping: 0.130400 ms MarkObjects: 2.511200 ms  DeleteObjects: 0.018000 ms)

========================================================================
Received Prepare
Registering precompiled user dll's ...
Registered in 0.004209 seconds.
Begin MonoManager ReloadAssembly
Native extension for WindowsStandalone target not found
Refreshing native plugins compatible for Editor in 0.88 ms, found 3 plugins.
Preloading 0 native plugins for Editor in 0.00 ms.
Mono: successfully reloaded assembly
- Completed reload, in  1.139 seconds
Platform modules already initialized, skipping
Refreshing native plugins compatible for Editor in 0.47 ms, found 3 plugins.
Preloading 0 native plugins for Editor in 0.00 ms.
Unloading 2375 Unused Serialized files (Serialized files now loaded: 0)
System memory in use before: 106.9 MB.
System memory in use after: 107.2 MB.

Unloading 16 unused Assets to reduce memory usage. Loaded Objects now: 2861.
Total: 3.114000 ms (FindLiveObjects: 0.344300 ms CreateObjectMapping: 0.115100 ms MarkObjects: 2.634800 ms  DeleteObjects: 0.018300 ms)

========================================================================
Received Prepare
Registering precompiled user dll's ...
Registered in 0.004216 seconds.
Begin MonoManager ReloadAssembly
Native extension for WindowsStandalone target not found
Refreshing native plugins compatible for Editor in 0.50 ms, found 3 plugins.
Preloading 0 native plugins for Editor in 0.00 ms.
Mono: successfully reloaded assembly
- Completed reload, in  1.365 seconds
Platform modules already initialized, skipping
Refreshing native plugins compatible for Editor in 0.84 ms, found 3 plugins.
Preloading 0 native plugins for Editor in 0.00 ms.
Unloading 2375 Unused Serialized files (Serialized files now loaded: 0)
System memory in use before: 106.9 MB.
System memory in use after: 107.2 MB.

Unloading 16 unused Assets to reduce memory usage. Loaded Objects now: 2865.
Total: 5.862500 ms (FindLiveObjects: 1.730000 ms CreateObjectMapping: 0.375400 ms MarkObjects: 3.725900 ms  DeleteObjects: 0.027700 ms)

========================================================================
Received Prepare
Registering precompiled user dll's ...
Registered in 0.007282 seconds.
Begin MonoManager ReloadAssembly
Native extension for WindowsStandalone target not found
Refreshing native plugins compatible for Editor in 1.15 ms, found 3 plugins.
Preloading 0 native plugins for Editor in 0.00 ms.
Mono: successfully reloaded assembly
- Completed reload, in  1.313 seconds
Platform modules already initialized, skipping
Refreshing native plugins compatible for Editor in 0.53 ms, found 3 plugins.
Preloading 0 native plugins for Editor in 0.00 ms.
Unloading 2375 Unused Serialized files (Serialized files now loaded: 0)
System memory in use before: 107.0 MB.
System memory in use after: 107.2 MB.

Unloading 16 unused Assets to reduce memory usage. Loaded Objects now: 2869.
Total: 3.322900 ms (FindLiveObjects: 0.694200 ms CreateObjectMapping: 0.220800 ms MarkObjects: 2.384800 ms  DeleteObjects: 0.020800 ms)

========================================================================
Received Prepare
Registering precompiled user dll's ...
Registered in 0.004629 seconds.
Begin MonoManager ReloadAssembly
Native extension for WindowsStandalone target not found
Refreshing native plugins compatible for Editor in 1.03 ms, found 3 plugins.
Preloading 0 native plugins for Editor in 0.00 ms.
Mono: successfully reloaded assembly
- Completed reload, in  1.173 seconds
Platform modules already initialized, skipping
Refreshing native plugins compatible for Editor in 0.49 ms, found 3 plugins.
Preloading 0 native plugins for Editor in 0.00 ms.
Unloading 2375 Unused Serialized files (Serialized files now loaded: 0)
System memory in use before: 106.9 MB.
System memory in use after: 107.1 MB.

Unloading 16 unused Assets to reduce memory usage. Loaded Objects now: 2873.
Total: 3.198700 ms (FindLiveObjects: 0.412400 ms CreateObjectMapping: 0.127800 ms MarkObjects: 2.640600 ms  DeleteObjects: 0.016600 ms)

========================================================================
Received Prepare
Registering precompiled user dll's ...
Registered in 0.007474 seconds.
Begin MonoManager ReloadAssembly
Native extension for WindowsStandalone target not found
Refreshing native plugins compatible for Editor in 0.56 ms, found 3 plugins.
Preloading 0 native plugins for Editor in 0.00 ms.
Mono: successfully reloaded assembly
- Completed reload, in  1.429 seconds
Platform modules already initialized, skipping
Refreshing native plugins compatible for Editor in 0.96 ms, found 3 plugins.
Preloading 0 native plugins for Editor in 0.00 ms.
Unloading 2375 Unused Serialized files (Serialized files now loaded: 0)
System memory in use before: 107.0 MB.
System memory in use after: 107.2 MB.

Unloading 16 unused Assets to reduce memory usage. Loaded Objects now: 2877.
Total: 5.069000 ms (FindLiveObjects: 0.452400 ms CreateObjectMapping: 0.233000 ms MarkObjects: 4.346600 ms  DeleteObjects: 0.034600 ms)

========================================================================
Received Prepare
Registering precompiled user dll's ...
Registered in 0.005700 seconds.
Begin MonoManager ReloadAssembly
Native extension for WindowsStandalone target not found
Refreshing native plugins compatible for Editor in 0.59 ms, found 3 plugins.
Preloading 0 native plugins for Editor in 0.00 ms.
Mono: successfully reloaded assembly
- Completed reload, in  1.380 seconds
Platform modules already initialized, skipping
Refreshing native plugins compatible for Editor in 0.51 ms, found 3 plugins.
Preloading 0 native plugins for Editor in 0.00 ms.
Unloading 2375 Unused Serialized files (Serialized files now loaded: 0)
System memory in use before: 107.0 MB.
System memory in use after: 107.2 MB.

Unloading 16 unused Assets to reduce memory usage. Loaded Objects now: 2881.
Total: 3.412600 ms (FindLiveObjects: 0.435500 ms CreateObjectMapping: 0.153500 ms MarkObjects: 2.802300 ms  DeleteObjects: 0.019900 ms)

========================================================================
Received Prepare
Registering precompiled user dll's ...
Registered in 0.007631 seconds.
Begin MonoManager ReloadAssembly
Native extension for WindowsStandalone target not found
Refreshing native plugins compatible for Editor in 0.47 ms, found 3 plugins.
Preloading 0 native plugins for Editor in 0.00 ms.
Mono: successfully reloaded assembly
- Completed reload, in  1.178 seconds
Platform modules already initialized, skipping
Refreshing native plugins compatible for Editor in 0.94 ms, found 3 plugins.
Preloading 0 native plugins for Editor in 0.00 ms.
Unloading 2375 Unused Serialized files (Serialized files now loaded: 0)
System memory in use before: 107.0 MB.
System memory in use after: 107.2 MB.

Unloading 16 unused Assets to reduce memory usage. Loaded Objects now: 2885.
Total: 3.933200 ms (FindLiveObjects: 0.310000 ms CreateObjectMapping: 0.135100 ms MarkObjects: 3.411200 ms  DeleteObjects: 0.075000 ms)

========================================================================
Received Import Request.
  Time since last request: 924.733298 seconds.
  path: Assets/Prefabs
  artifactKey: Guid(517b071c652c77c4ead716478cae338f) Importer(815301076,1909f56bfc062723c751e8b465ee728b)
Start importing Assets/Prefabs using Guid(517b071c652c77c4ead716478cae338f) Importer(815301076,1909f56bfc062723c751e8b465ee728b)  -> (artifact id: 'a71847e9e047ff4a1f9fe26ed9ee2fb8') in 0.016930 seconds
  Import took 0.023636 seconds .

========================================================================
Received Import Request.
  Time since last request: 8.368617 seconds.
  path: Assets/Prefabs/Projectile
  artifactKey: Guid(9f3bf360fe6673c46b3d5828e3f3e3a2) Importer(815301076,1909f56bfc062723c751e8b465ee728b)
Start importing Assets/Prefabs/Projectile using Guid(9f3bf360fe6673c46b3d5828e3f3e3a2) Importer(815301076,1909f56bfc062723c751e8b465ee728b)  -> (artifact id: '7b12b06faba13b80dbdd6c8a8abe9128') in 0.011734 seconds
  Import took 0.017591 seconds .

========================================================================
Received Import Request.
  Time since last request: 4.494177 seconds.
  path: Assets/Prefabs/Projectile/Circle.prefab
  artifactKey: Guid(1a7edf0b8f74ee446a234ca737521577) Importer(815301076,1909f56bfc062723c751e8b465ee728b)
Start importing Assets/Prefabs/Projectile/Circle.prefab using Guid(1a7edf0b8f74ee446a234ca737521577) Importer(815301076,1909f56bfc062723c751e8b465ee728b)  -> (artifact id: '0cf7abd2c381b7aa5ec5b3bd76405f62') in 0.080019 seconds
  Import took 0.087750 seconds .

========================================================================
Received Import Request.
  Time since last request: 6.691540 seconds.
  path: Assets/Prefabs/Projectile/Circle.prefab
  artifactKey: Guid(1a7edf0b8f74ee446a234ca737521577) Importer(815301076,1909f56bfc062723c751e8b465ee728b)
Start importing Assets/Prefabs/Projectile/Circle.prefab using Guid(1a7edf0b8f74ee446a234ca737521577) Importer(815301076,1909f56bfc062723c751e8b465ee728b)  -> (artifact id: '77029390069fb9538f50ba32fccd50dd') in 0.013325 seconds
  Import took 0.017945 seconds .

========================================================================
Received Import Request.
  Time since last request: 84.541514 seconds.
  path: Assets/Scripts/Weapon/Projectile.cs
  artifactKey: Guid(ecd704b8b224a96459920c87ecf2baea) Importer(815301076,1909f56bfc062723c751e8b465ee728b)
Start importing Assets/Scripts/Weapon/Projectile.cs using Guid(ecd704b8b224a96459920c87ecf2baea) Importer(815301076,1909f56bfc062723c751e8b465ee728b)  -> (artifact id: 'a7cce234924a3719bbe41ae99c03493a') in 0.003050 seconds
  Import took 0.009375 seconds .

========================================================================
Received Prepare
Registering precompiled user dll's ...
Registered in 0.005550 seconds.
Begin MonoManager ReloadAssembly
Native extension for WindowsStandalone target not found
Refreshing native plugins compatible for Editor in 0.49 ms, found 3 plugins.
Preloading 0 native plugins for Editor in 0.00 ms.
Mono: successfully reloaded assembly
- Completed reload, in  1.296 seconds
Platform modules already initialized, skipping
Refreshing native plugins compatible for Editor in 0.72 ms, found 3 plugins.
Preloading 0 native plugins for Editor in 0.00 ms.
Unloading 2376 Unused Serialized files (Serialized files now loaded: 0)
System memory in use before: 107.1 MB.
System memory in use after: 107.3 MB.

Unloading 16 unused Assets to reduce memory usage. Loaded Objects now: 2895.
Total: 2.988300 ms (FindLiveObjects: 0.418400 ms CreateObjectMapping: 0.177200 ms MarkObjects: 2.369600 ms  DeleteObjects: 0.021100 ms)

========================================================================
Received Prepare
Registering precompiled user dll's ...
Registered in 0.005645 seconds.
Begin MonoManager ReloadAssembly
Native extension for WindowsStandalone target not found
Refreshing native plugins compatible for Editor in 0.47 ms, found 3 plugins.
Preloading 0 native plugins for Editor in 0.00 ms.
Mono: successfully reloaded assembly
- Completed reload, in  1.327 seconds
Platform modules already initialized, skipping
Refreshing native plugins compatible for Editor in 0.83 ms, found 3 plugins.
Preloading 0 native plugins for Editor in 0.00 ms.
Unloading 2376 Unused Serialized files (Serialized files now loaded: 0)
System memory in use before: 107.0 MB.
System memory in use after: 107.2 MB.

Unloading 16 unused Assets to reduce memory usage. Loaded Objects now: 2899.
Total: 3.519100 ms (FindLiveObjects: 0.506400 ms CreateObjectMapping: 0.139500 ms MarkObjects: 2.850800 ms  DeleteObjects: 0.020700 ms)

========================================================================
Received Prepare
Registering precompiled user dll's ...
Registered in 0.004765 seconds.
Begin MonoManager ReloadAssembly
Native extension for WindowsStandalone target not found
Refreshing native plugins compatible for Editor in 0.56 ms, found 3 plugins.
Preloading 0 native plugins for Editor in 0.00 ms.
Mono: successfully reloaded assembly
- Completed reload, in  1.151 seconds
Platform modules already initialized, skipping
Refreshing native plugins compatible for Editor in 0.58 ms, found 3 plugins.
Preloading 0 native plugins for Editor in 0.00 ms.
Unloading 2376 Unused Serialized files (Serialized files now loaded: 0)
System memory in use before: 107.1 MB.
System memory in use after: 107.3 MB.

Unloading 16 unused Assets to reduce memory usage. Loaded Objects now: 2903.
Total: 3.870400 ms (FindLiveObjects: 0.327100 ms CreateObjectMapping: 0.119200 ms MarkObjects: 3.369200 ms  DeleteObjects: 0.053100 ms)

========================================================================
Received Prepare
Registering precompiled user dll's ...
Registered in 0.010259 seconds.
Begin MonoManager ReloadAssembly
Native extension for WindowsStandalone target not found
Refreshing native plugins compatible for Editor in 0.74 ms, found 3 plugins.
Preloading 0 native plugins for Editor in 0.00 ms.
Mono: successfully reloaded assembly
- Completed reload, in  1.409 seconds
Platform modules already initialized, skipping
Refreshing native plugins compatible for Editor in 0.52 ms, found 3 plugins.
Preloading 0 native plugins for Editor in 0.00 ms.
Unloading 2376 Unused Serialized files (Serialized files now loaded: 0)
System memory in use before: 107.2 MB.
System memory in use after: 107.4 MB.

Unloading 16 unused Assets to reduce memory usage. Loaded Objects now: 2907.
Total: 3.791500 ms (FindLiveObjects: 0.540300 ms CreateObjectMapping: 0.203800 ms MarkObjects: 3.021900 ms  DeleteObjects: 0.024000 ms)

========================================================================
Received Prepare
Registering precompiled user dll's ...
Registered in 0.007578 seconds.
Begin MonoManager ReloadAssembly
Native extension for WindowsStandalone target not found
Refreshing native plugins compatible for Editor in 0.68 ms, found 3 plugins.
Preloading 0 native plugins for Editor in 0.00 ms.
Mono: successfully reloaded assembly
- Completed reload, in  1.419 seconds
Platform modules already initialized, skipping
Refreshing native plugins compatible for Editor in 0.51 ms, found 3 plugins.
Preloading 0 native plugins for Editor in 0.00 ms.
Unloading 2376 Unused Serialized files (Serialized files now loaded: 0)
System memory in use before: 107.2 MB.
System memory in use after: 107.4 MB.

Unloading 16 unused Assets to reduce memory usage. Loaded Objects now: 2911.
Total: 3.649700 ms (FindLiveObjects: 0.428000 ms CreateObjectMapping: 0.175200 ms MarkObjects: 3.005300 ms  DeleteObjects: 0.038900 ms)

========================================================================
Received Prepare
Registering precompiled user dll's ...
Registered in 0.008589 seconds.
Begin MonoManager ReloadAssembly
Native extension for WindowsStandalone target not found
Refreshing native plugins compatible for Editor in 0.46 ms, found 3 plugins.
Preloading 0 native plugins for Editor in 0.00 ms.
Mono: successfully reloaded assembly
- Completed reload, in  1.251 seconds
Platform modules already initialized, skipping
Refreshing native plugins compatible for Editor in 0.45 ms, found 3 plugins.
Preloading 0 native plugins for Editor in 0.00 ms.
Unloading 2376 Unused Serialized files (Serialized files now loaded: 0)
System memory in use before: 107.2 MB.
System memory in use after: 107.4 MB.

Unloading 16 unused Assets to reduce memory usage. Loaded Objects now: 2915.
Total: 2.836900 ms (FindLiveObjects: 0.294000 ms CreateObjectMapping: 0.138100 ms MarkObjects: 2.380700 ms  DeleteObjects: 0.022600 ms)

========================================================================
Received Prepare
Registering precompiled user dll's ...
Registered in 0.005385 seconds.
Begin MonoManager ReloadAssembly
Native extension for WindowsStandalone target not found
Refreshing native plugins compatible for Editor in 0.65 ms, found 3 plugins.
Preloading 0 native plugins for Editor in 0.00 ms.
Mono: successfully reloaded assembly
- Completed reload, in  1.187 seconds
Platform modules already initialized, skipping
Refreshing native plugins compatible for Editor in 0.63 ms, found 3 plugins.
Preloading 0 native plugins for Editor in 0.00 ms.
Unloading 2376 Unused Serialized files (Serialized files now loaded: 0)
System memory in use before: 107.1 MB.
System memory in use after: 107.3 MB.

Unloading 16 unused Assets to reduce memory usage. Loaded Objects now: 2919.
Total: 3.232200 ms (FindLiveObjects: 0.316400 ms CreateObjectMapping: 0.131100 ms MarkObjects: 2.736900 ms  DeleteObjects: 0.046200 ms)

========================================================================
Received Import Request.
  Time since last request: 801.601911 seconds.
  path: Assets/Prefabs/Projectile/Circle.prefab
  artifactKey: Guid(1a7edf0b8f74ee446a234ca737521577) Importer(815301076,1909f56bfc062723c751e8b465ee728b)
Start importing Assets/Prefabs/Projectile/Circle.prefab using Guid(1a7edf0b8f74ee446a234ca737521577) Importer(815301076,1909f56bfc062723c751e8b465ee728b)  -> (artifact id: '66c84fead80b37a77c9fc7a4c22eba94') in 0.065656 seconds
  Import took 0.071262 seconds .

========================================================================
Received Prepare
Registering precompiled user dll's ...
Registered in 0.005672 seconds.
Begin MonoManager ReloadAssembly
Native extension for WindowsStandalone target not found
Refreshing native plugins compatible for Editor in 0.45 ms, found 3 plugins.
Preloading 0 native plugins for Editor in 0.00 ms.
Mono: successfully reloaded assembly
- Completed reload, in  1.218 seconds
Platform modules already initialized, skipping
Refreshing native plugins compatible for Editor in 0.51 ms, found 3 plugins.
Preloading 0 native plugins for Editor in 0.00 ms.
Unloading 2376 Unused Serialized files (Serialized files now loaded: 0)
System memory in use before: 107.2 MB.
System memory in use after: 107.4 MB.

Unloading 16 unused Assets to reduce memory usage. Loaded Objects now: 2924.
Total: 3.307300 ms (FindLiveObjects: 0.411100 ms CreateObjectMapping: 0.133800 ms MarkObjects: 2.713100 ms  DeleteObjects: 0.048200 ms)

========================================================================
Received Import Request.
  Time since last request: 120.703667 seconds.
  path: Assets/Prefabs/Projectile/Circle.prefab
  artifactKey: Guid(1a7edf0b8f74ee446a234ca737521577) Importer(815301076,1909f56bfc062723c751e8b465ee728b)
Start importing Assets/Prefabs/Projectile/Circle.prefab using Guid(1a7edf0b8f74ee446a234ca737521577) Importer(815301076,1909f56bfc062723c751e8b465ee728b)  -> (artifact id: '9b0806bf9d05ac5d47c30d1575cad684') in 0.054782 seconds
  Import took 0.059285 seconds .

========================================================================
Received Import Request.
  Time since last request: 11.304127 seconds.
  path: Assets/Prefabs/Projectile/Circle.prefab
  artifactKey: Guid(1a7edf0b8f74ee446a234ca737521577) Importer(815301076,1909f56bfc062723c751e8b465ee728b)
Start importing Assets/Prefabs/Projectile/Circle.prefab using Guid(1a7edf0b8f74ee446a234ca737521577) Importer(815301076,1909f56bfc062723c751e8b465ee728b)  -> (artifact id: '0cfaa507f761eb4e6e0c09f6f1b01d90') in 0.013144 seconds
  Import took 0.017546 seconds .

========================================================================
Received Prepare
Registering precompiled user dll's ...
Registered in 0.006390 seconds.
Begin MonoManager ReloadAssembly
Native extension for WindowsStandalone target not found
Refreshing native plugins compatible for Editor in 0.52 ms, found 3 plugins.
Preloading 0 native plugins for Editor in 0.00 ms.
Mono: successfully reloaded assembly
- Completed reload, in  1.187 seconds
Platform modules already initialized, skipping
Refreshing native plugins compatible for Editor in 0.53 ms, found 3 plugins.
Preloading 0 native plugins for Editor in 0.00 ms.
Unloading 2376 Unused Serialized files (Serialized files now loaded: 0)
System memory in use before: 107.2 MB.
System memory in use after: 107.4 MB.

Unloading 16 unused Assets to reduce memory usage. Loaded Objects now: 2929.
Total: 2.834900 ms (FindLiveObjects: 0.369900 ms CreateObjectMapping: 0.119400 ms MarkObjects: 2.324400 ms  DeleteObjects: 0.017000 ms)

========================================================================
Received Import Request.
  Time since last request: 242.335230 seconds.
  path: Assets/Prefabs/Projectile/Projectile.prefab
  artifactKey: Guid(1a7edf0b8f74ee446a234ca737521577) Importer(815301076,1909f56bfc062723c751e8b465ee728b)
Start importing Assets/Prefabs/Projectile/Projectile.prefab using Guid(1a7edf0b8f74ee446a234ca737521577) Importer(815301076,1909f56bfc062723c751e8b465ee728b)  -> (artifact id: 'bdb16aaca163a72b0f3ea9ce2d082a2b') in 0.065759 seconds
  Import took 0.070570 seconds .

========================================================================
Received Prepare
Registering precompiled user dll's ...
Registered in 0.005531 seconds.
Begin MonoManager ReloadAssembly
Native extension for WindowsStandalone target not found
Refreshing native plugins compatible for Editor in 0.51 ms, found 3 plugins.
Preloading 0 native plugins for Editor in 0.00 ms.
Mono: successfully reloaded assembly
- Completed reload, in  1.361 seconds
Platform modules already initialized, skipping
Refreshing native plugins compatible for Editor in 0.61 ms, found 3 plugins.
Preloading 0 native plugins for Editor in 0.00 ms.
Unloading 2376 Unused Serialized files (Serialized files now loaded: 0)
System memory in use before: 107.2 MB.
System memory in use after: 107.4 MB.

Unloading 16 unused Assets to reduce memory usage. Loaded Objects now: 2934.
Total: 3.317800 ms (FindLiveObjects: 0.408000 ms CreateObjectMapping: 0.109500 ms MarkObjects: 2.750100 ms  DeleteObjects: 0.049100 ms)

========================================================================
Received Import Request.
  Time since last request: 190.079300 seconds.
  path: Assets/Prefabs/Projectile/Projectile.prefab
  artifactKey: Guid(1a7edf0b8f74ee446a234ca737521577) Importer(815301076,1909f56bfc062723c751e8b465ee728b)
Start importing Assets/Prefabs/Projectile/Projectile.prefab using Guid(1a7edf0b8f74ee446a234ca737521577) Importer(815301076,1909f56bfc062723c751e8b465ee728b)  -> (artifact id: 'f9baae6c1c67eb6a051990842b88f77f') in 0.059610 seconds
  Import took 0.065658 seconds .

========================================================================
Received Import Request.
  Time since last request: 50.428088 seconds.
  path: Assets/Prefabs/Projectile/Projectile.prefab
  artifactKey: Guid(1a7edf0b8f74ee446a234ca737521577) Importer(815301076,1909f56bfc062723c751e8b465ee728b)
Start importing Assets/Prefabs/Projectile/Projectile.prefab using Guid(1a7edf0b8f74ee446a234ca737521577) Importer(815301076,1909f56bfc062723c751e8b465ee728b)  -> (artifact id: '18d65e24934b2e66b22952d1edf4fa82') in 0.034901 seconds
  Import took 0.038978 seconds .

========================================================================
Received Prepare
Registering precompiled user dll's ...
Registered in 0.005194 seconds.
Begin MonoManager ReloadAssembly
Native extension for WindowsStandalone target not found
Refreshing native plugins compatible for Editor in 0.46 ms, found 3 plugins.
Preloading 0 native plugins for Editor in 0.00 ms.
Mono: successfully reloaded assembly
- Completed reload, in  1.207 seconds
Platform modules already initialized, skipping
Refreshing native plugins compatible for Editor in 0.47 ms, found 3 plugins.
Preloading 0 native plugins for Editor in 0.00 ms.
Unloading 2376 Unused Serialized files (Serialized files now loaded: 0)
System memory in use before: 107.2 MB.
System memory in use after: 107.5 MB.

Unloading 16 unused Assets to reduce memory usage. Loaded Objects now: 2939.
Total: 3.002600 ms (FindLiveObjects: 0.304700 ms CreateObjectMapping: 0.130400 ms MarkObjects: 2.548100 ms  DeleteObjects: 0.018100 ms)

========================================================================
Received Prepare
Registering precompiled user dll's ...
Registered in 0.004908 seconds.
Begin MonoManager ReloadAssembly
Native extension for WindowsStandalone target not found
Refreshing native plugins compatible for Editor in 0.53 ms, found 3 plugins.
Preloading 0 native plugins for Editor in 0.00 ms.
Mono: successfully reloaded assembly
- Completed reload, in  1.293 seconds
Platform modules already initialized, skipping
Refreshing native plugins compatible for Editor in 0.60 ms, found 3 plugins.
Preloading 0 native plugins for Editor in 0.00 ms.
Unloading 2376 Unused Serialized files (Serialized files now loaded: 0)
System memory in use before: 107.2 MB.
System memory in use after: 107.4 MB.

Unloading 16 unused Assets to reduce memory usage. Loaded Objects now: 2943.
Total: 3.214500 ms (FindLiveObjects: 0.489600 ms CreateObjectMapping: 0.125800 ms MarkObjects: 2.579400 ms  DeleteObjects: 0.018100 ms)

========================================================================
Received Prepare
Registering precompiled user dll's ...
Registered in 0.005302 seconds.
Begin MonoManager ReloadAssembly
Native extension for WindowsStandalone target not found
Refreshing native plugins compatible for Editor in 0.54 ms, found 3 plugins.
Preloading 0 native plugins for Editor in 0.00 ms.
Mono: successfully reloaded assembly
- Completed reload, in  1.154 seconds
Platform modules already initialized, skipping
Refreshing native plugins compatible for Editor in 0.56 ms, found 3 plugins.
Preloading 0 native plugins for Editor in 0.00 ms.
Unloading 2376 Unused Serialized files (Serialized files now loaded: 0)
System memory in use before: 107.3 MB.
System memory in use after: 107.5 MB.

Unloading 16 unused Assets to reduce memory usage. Loaded Objects now: 2947.
Total: 3.170200 ms (FindLiveObjects: 0.524300 ms CreateObjectMapping: 0.120000 ms MarkObjects: 2.503300 ms  DeleteObjects: 0.020000 ms)

========================================================================
Received Prepare
Registering precompiled user dll's ...
Registered in 0.005246 seconds.
Begin MonoManager ReloadAssembly
Native extension for WindowsStandalone target not found
Refreshing native plugins compatible for Editor in 0.49 ms, found 3 plugins.
Preloading 0 native plugins for Editor in 0.00 ms.
Mono: successfully reloaded assembly
- Completed reload, in  1.174 seconds
Platform modules already initialized, skipping
Refreshing native plugins compatible for Editor in 1.17 ms, found 3 plugins.
Preloading 0 native plugins for Editor in 0.00 ms.
Unloading 2376 Unused Serialized files (Serialized files now loaded: 0)
System memory in use before: 107.3 MB.
System memory in use after: 107.5 MB.

Unloading 16 unused Assets to reduce memory usage. Loaded Objects now: 2951.
Total: 3.530400 ms (FindLiveObjects: 0.481100 ms CreateObjectMapping: 0.149800 ms MarkObjects: 2.876100 ms  DeleteObjects: 0.021900 ms)

========================================================================
Received Prepare
Registering precompiled user dll's ...
Registered in 0.004825 seconds.
Begin MonoManager ReloadAssembly
Native extension for WindowsStandalone target not found
Refreshing native plugins compatible for Editor in 0.53 ms, found 3 plugins.
Preloading 0 native plugins for Editor in 0.00 ms.
Mono: successfully reloaded assembly
- Completed reload, in  1.256 seconds
Platform modules already initialized, skipping
Refreshing native plugins compatible for Editor in 0.52 ms, found 3 plugins.
Preloading 0 native plugins for Editor in 0.00 ms.
Unloading 2376 Unused Serialized files (Serialized files now loaded: 0)
System memory in use before: 107.3 MB.
System memory in use after: 107.5 MB.

Unloading 16 unused Assets to reduce memory usage. Loaded Objects now: 2955.
Total: 2.855700 ms (FindLiveObjects: 0.245800 ms CreateObjectMapping: 0.111200 ms MarkObjects: 2.480300 ms  DeleteObjects: 0.017400 ms)

========================================================================
Received Prepare
Registering precompiled user dll's ...
Registered in 0.005279 seconds.
Begin MonoManager ReloadAssembly
Native extension for WindowsStandalone target not found
Refreshing native plugins compatible for Editor in 0.59 ms, found 3 plugins.
Preloading 0 native plugins for Editor in 0.00 ms.
Mono: successfully reloaded assembly
- Completed reload, in  1.065 seconds
Platform modules already initialized, skipping
Refreshing native plugins compatible for Editor in 0.55 ms, found 3 plugins.
Preloading 0 native plugins for Editor in 0.00 ms.
Unloading 2376 Unused Serialized files (Serialized files now loaded: 0)
System memory in use before: 107.3 MB.
System memory in use after: 107.5 MB.

Unloading 16 unused Assets to reduce memory usage. Loaded Objects now: 2959.
Total: 2.931100 ms (FindLiveObjects: 0.382600 ms CreateObjectMapping: 0.117200 ms MarkObjects: 2.405500 ms  DeleteObjects: 0.021500 ms)

========================================================================
Received Prepare
Registering precompiled user dll's ...
Registered in 0.005023 seconds.
Begin MonoManager ReloadAssembly
Native extension for WindowsStandalone target not found
Refreshing native plugins compatible for Editor in 0.46 ms, found 3 plugins.
Preloading 0 native plugins for Editor in 0.00 ms.
Mono: successfully reloaded assembly
- Completed reload, in  1.091 seconds
Platform modules already initialized, skipping
Refreshing native plugins compatible for Editor in 0.46 ms, found 3 plugins.
Preloading 0 native plugins for Editor in 0.00 ms.
Unloading 2376 Unused Serialized files (Serialized files now loaded: 0)
System memory in use before: 107.2 MB.
System memory in use after: 107.4 MB.

Unloading 16 unused Assets to reduce memory usage. Loaded Objects now: 2963.
Total: 3.483800 ms (FindLiveObjects: 0.430000 ms CreateObjectMapping: 0.169000 ms MarkObjects: 2.863800 ms  DeleteObjects: 0.019400 ms)

========================================================================
Received Prepare
Registering precompiled user dll's ...
Registered in 0.004829 seconds.
Begin MonoManager ReloadAssembly
Native extension for WindowsStandalone target not found
Refreshing native plugins compatible for Editor in 0.45 ms, found 3 plugins.
Preloading 0 native plugins for Editor in 0.00 ms.
Mono: successfully reloaded assembly
- Completed reload, in  1.123 seconds
Platform modules already initialized, skipping
Refreshing native plugins compatible for Editor in 0.50 ms, found 3 plugins.
Preloading 0 native plugins for Editor in 0.00 ms.
Unloading 2376 Unused Serialized files (Serialized files now loaded: 0)
System memory in use before: 107.3 MB.
System memory in use after: 107.5 MB.

Unloading 16 unused Assets to reduce memory usage. Loaded Objects now: 2967.
Total: 3.325800 ms (FindLiveObjects: 0.741900 ms CreateObjectMapping: 0.166300 ms MarkObjects: 2.396900 ms  DeleteObjects: 0.018900 ms)

========================================================================
Received Prepare
Registering precompiled user dll's ...
Registered in 0.007434 seconds.
Begin MonoManager ReloadAssembly
Native extension for WindowsStandalone target not found
Refreshing native plugins compatible for Editor in 0.52 ms, found 3 plugins.
Preloading 0 native plugins for Editor in 0.00 ms.
Mono: successfully reloaded assembly
- Completed reload, in  1.461 seconds
Platform modules already initialized, skipping
Refreshing native plugins compatible for Editor in 0.59 ms, found 3 plugins.
Preloading 0 native plugins for Editor in 0.00 ms.
Unloading 2376 Unused Serialized files (Serialized files now loaded: 0)
System memory in use before: 107.3 MB.
System memory in use after: 107.5 MB.

Unloading 16 unused Assets to reduce memory usage. Loaded Objects now: 2971.
Total: 3.896000 ms (FindLiveObjects: 0.502400 ms CreateObjectMapping: 0.229500 ms MarkObjects: 3.121400 ms  DeleteObjects: 0.040300 ms)

========================================================================
Received Prepare
Registering precompiled user dll's ...
Registered in 0.005149 seconds.
Begin MonoManager ReloadAssembly
Native extension for WindowsStandalone target not found
Refreshing native plugins compatible for Editor in 0.53 ms, found 3 plugins.
Preloading 0 native plugins for Editor in 0.00 ms.
Mono: successfully reloaded assembly
- Completed reload, in  1.215 seconds
Platform modules already initialized, skipping
Refreshing native plugins compatible for Editor in 0.46 ms, found 3 plugins.
Preloading 0 native plugins for Editor in 0.00 ms.
Unloading 2376 Unused Serialized files (Serialized files now loaded: 0)
System memory in use before: 107.3 MB.
System memory in use after: 107.5 MB.

Unloading 16 unused Assets to reduce memory usage. Loaded Objects now: 2975.
Total: 3.888500 ms (FindLiveObjects: 0.655100 ms CreateObjectMapping: 0.249400 ms MarkObjects: 2.960600 ms  DeleteObjects: 0.020700 ms)

========================================================================
Received Prepare
Registering precompiled user dll's ...
Registered in 0.012388 seconds.
Begin MonoManager ReloadAssembly
Native extension for WindowsStandalone target not found
Refreshing native plugins compatible for Editor in 0.47 ms, found 3 plugins.
Preloading 0 native plugins for Editor in 0.00 ms.
Mono: successfully reloaded assembly
- Completed reload, in  1.408 seconds
Platform modules already initialized, skipping
Refreshing native plugins compatible for Editor in 0.74 ms, found 3 plugins.
Preloading 0 native plugins for Editor in 0.00 ms.
Unloading 2376 Unused Serialized files (Serialized files now loaded: 0)
System memory in use before: 107.3 MB.
System memory in use after: 107.6 MB.

Unloading 16 unused Assets to reduce memory usage. Loaded Objects now: 2979.
Total: 3.530500 ms (FindLiveObjects: 0.643700 ms CreateObjectMapping: 0.169500 ms MarkObjects: 2.694400 ms  DeleteObjects: 0.020900 ms)

========================================================================
Received Prepare
Registering precompiled user dll's ...
Registered in 0.006138 seconds.
Begin MonoManager ReloadAssembly
Native extension for WindowsStandalone target not found
Refreshing native plugins compatible for Editor in 0.46 ms, found 3 plugins.
Preloading 0 native plugins for Editor in 0.00 ms.
Mono: successfully reloaded assembly
- Completed reload, in  1.459 seconds
Platform modules already initialized, skipping
Refreshing native plugins compatible for Editor in 2.50 ms, found 3 plugins.
Preloading 0 native plugins for Editor in 0.00 ms.
Unloading 2376 Unused Serialized files (Serialized files now loaded: 0)
System memory in use before: 107.3 MB.
System memory in use after: 107.5 MB.

Unloading 16 unused Assets to reduce memory usage. Loaded Objects now: 2983.
Total: 5.558400 ms (FindLiveObjects: 1.031000 ms CreateObjectMapping: 0.492700 ms MarkObjects: 3.996700 ms  DeleteObjects: 0.035600 ms)

========================================================================
Received Prepare
Registering precompiled user dll's ...
Registered in 0.004789 seconds.
Begin MonoManager ReloadAssembly
Native extension for WindowsStandalone target not found
Refreshing native plugins compatible for Editor in 0.81 ms, found 3 plugins.
Preloading 0 native plugins for Editor in 0.00 ms.
Mono: successfully reloaded assembly
- Completed reload, in  1.247 seconds
Platform modules already initialized, skipping
Refreshing native plugins compatible for Editor in 0.45 ms, found 3 plugins.
Preloading 0 native plugins for Editor in 0.00 ms.
Unloading 2376 Unused Serialized files (Serialized files now loaded: 0)
System memory in use before: 107.4 MB.
System memory in use after: 107.6 MB.

Unloading 16 unused Assets to reduce memory usage. Loaded Objects now: 2987.
Total: 3.637700 ms (FindLiveObjects: 0.499300 ms CreateObjectMapping: 0.366600 ms MarkObjects: 2.749700 ms  DeleteObjects: 0.020500 ms)

========================================================================
Received Prepare
Registering precompiled user dll's ...
Registered in 0.005633 seconds.
Begin MonoManager ReloadAssembly
Native extension for WindowsStandalone target not found
Refreshing native plugins compatible for Editor in 0.83 ms, found 3 plugins.
Preloading 0 native plugins for Editor in 0.00 ms.
Mono: successfully reloaded assembly
- Completed reload, in  1.426 seconds
Platform modules already initialized, skipping
Refreshing native plugins compatible for Editor in 0.62 ms, found 3 plugins.
Preloading 0 native plugins for Editor in 0.00 ms.
Unloading 2376 Unused Serialized files (Serialized files now loaded: 0)
System memory in use before: 107.4 MB.
System memory in use after: 107.6 MB.

Unloading 16 unused Assets to reduce memory usage. Loaded Objects now: 2991.
Total: 4.332100 ms (FindLiveObjects: 0.254200 ms CreateObjectMapping: 0.114700 ms MarkObjects: 3.926800 ms  DeleteObjects: 0.034700 ms)

========================================================================
Received Prepare
Registering precompiled user dll's ...
Registered in 0.005705 seconds.
Begin MonoManager ReloadAssembly
Native extension for WindowsStandalone target not found
Refreshing native plugins compatible for Editor in 0.51 ms, found 3 plugins.
Preloading 0 native plugins for Editor in 0.00 ms.
Mono: successfully reloaded assembly
- Completed reload, in  1.274 seconds
Platform modules already initialized, skipping
Refreshing native plugins compatible for Editor in 1.06 ms, found 3 plugins.
Preloading 0 native plugins for Editor in 0.00 ms.
Unloading 2376 Unused Serialized files (Serialized files now loaded: 0)
System memory in use before: 107.4 MB.
System memory in use after: 107.6 MB.

Unloading 16 unused Assets to reduce memory usage. Loaded Objects now: 2995.
Total: 3.439500 ms (FindLiveObjects: 0.485300 ms CreateObjectMapping: 0.154700 ms MarkObjects: 2.774600 ms  DeleteObjects: 0.023300 ms)

========================================================================
Received Prepare
Registering precompiled user dll's ...
Registered in 0.005800 seconds.
Begin MonoManager ReloadAssembly
Native extension for WindowsStandalone target not found
Refreshing native plugins compatible for Editor in 1.12 ms, found 3 plugins.
Preloading 0 native plugins for Editor in 0.00 ms.
Mono: successfully reloaded assembly
- Completed reload, in  1.295 seconds
Platform modules already initialized, skipping
Refreshing native plugins compatible for Editor in 0.47 ms, found 3 plugins.
Preloading 0 native plugins for Editor in 0.00 ms.
Unloading 2376 Unused Serialized files (Serialized files now loaded: 0)
System memory in use before: 107.4 MB.
System memory in use after: 107.6 MB.

Unloading 16 unused Assets to reduce memory usage. Loaded Objects now: 2999.
Total: 3.608400 ms (FindLiveObjects: 0.847900 ms CreateObjectMapping: 0.204700 ms MarkObjects: 2.520000 ms  DeleteObjects: 0.032600 ms)

========================================================================
Received Prepare
Registering precompiled user dll's ...
Registered in 0.005921 seconds.
Begin MonoManager ReloadAssembly
Native extension for WindowsStandalone target not found
Refreshing native plugins compatible for Editor in 0.75 ms, found 3 plugins.
Preloading 0 native plugins for Editor in 0.00 ms.
Mono: successfully reloaded assembly
- Completed reload, in  1.442 seconds
Platform modules already initialized, skipping
Refreshing native plugins compatible for Editor in 0.95 ms, found 3 plugins.
Preloading 0 native plugins for Editor in 0.00 ms.
Unloading 2376 Unused Serialized files (Serialized files now loaded: 0)
System memory in use before: 107.3 MB.
System memory in use after: 107.5 MB.

Unloading 16 unused Assets to reduce memory usage. Loaded Objects now: 3003.
Total: 4.152100 ms (FindLiveObjects: 0.350300 ms CreateObjectMapping: 0.134200 ms MarkObjects: 3.631400 ms  DeleteObjects: 0.033700 ms)

========================================================================
Received Import Request.
  Time since last request: 4177.793295 seconds.
  path: Assets/Prefabs/Projectile/Projectile.prefab
  artifactKey: Guid(1a7edf0b8f74ee446a234ca737521577) Importer(815301076,1909f56bfc062723c751e8b465ee728b)
Start importing Assets/Prefabs/Projectile/Projectile.prefab using Guid(1a7edf0b8f74ee446a234ca737521577) Importer(815301076,1909f56bfc062723c751e8b465ee728b)  -> (artifact id: '7af6a8e9ae43716f13ea5838d75ca21c') in 0.118062 seconds
  Import took 0.125647 seconds .

========================================================================
Received Prepare
Registering precompiled user dll's ...
Registered in 0.005326 seconds.
Begin MonoManager ReloadAssembly
Native extension for WindowsStandalone target not found
Refreshing native plugins compatible for Editor in 0.51 ms, found 3 plugins.
Preloading 0 native plugins for Editor in 0.00 ms.
Mono: successfully reloaded assembly
- Completed reload, in  1.611 seconds
Platform modules already initialized, skipping
Refreshing native plugins compatible for Editor in 0.47 ms, found 3 plugins.
Preloading 0 native plugins for Editor in 0.00 ms.
Unloading 2376 Unused Serialized files (Serialized files now loaded: 0)
System memory in use before: 107.4 MB.
System memory in use after: 107.6 MB.

Unloading 16 unused Assets to reduce memory usage. Loaded Objects now: 3008.
Total: 3.619400 ms (FindLiveObjects: 0.443600 ms CreateObjectMapping: 0.202800 ms MarkObjects: 2.950900 ms  DeleteObjects: 0.019700 ms)

========================================================================
Received Import Request.
  Time since last request: 26.013355 seconds.
  path: Assets/Prefabs/Projectile/Projectile.prefab
  artifactKey: Guid(1a7edf0b8f74ee446a234ca737521577) Importer(815301076,1909f56bfc062723c751e8b465ee728b)
Start importing Assets/Prefabs/Projectile/Projectile.prefab using Guid(1a7edf0b8f74ee446a234ca737521577) Importer(815301076,1909f56bfc062723c751e8b465ee728b)  -> (artifact id: 'f757b6eb86a94c74615a29942bb0e71e') in 0.053876 seconds
  Import took 0.059387 seconds .

========================================================================
Received Prepare
Registering precompiled user dll's ...
Registered in 0.005052 seconds.
Begin MonoManager ReloadAssembly
Native extension for WindowsStandalone target not found
Refreshing native plugins compatible for Editor in 0.49 ms, found 3 plugins.
Preloading 0 native plugins for Editor in 0.00 ms.
Mono: successfully reloaded assembly
- Completed reload, in  1.339 seconds
Platform modules already initialized, skipping
Refreshing native plugins compatible for Editor in 0.52 ms, found 3 plugins.
Preloading 0 native plugins for Editor in 0.00 ms.
Unloading 2376 Unused Serialized files (Serialized files now loaded: 0)
System memory in use before: 107.4 MB.
System memory in use after: 107.6 MB.

Unloading 16 unused Assets to reduce memory usage. Loaded Objects now: 3013.
Total: 3.982200 ms (FindLiveObjects: 0.453700 ms CreateObjectMapping: 0.246100 ms MarkObjects: 3.229600 ms  DeleteObjects: 0.051200 ms)

========================================================================
Received Prepare
Registering precompiled user dll's ...
Registered in 0.004794 seconds.
Begin MonoManager ReloadAssembly
Native extension for WindowsStandalone target not found
Refreshing native plugins compatible for Editor in 0.49 ms, found 3 plugins.
Preloading 0 native plugins for Editor in 0.00 ms.
Mono: successfully reloaded assembly
- Completed reload, in  1.177 seconds
Platform modules already initialized, skipping
Refreshing native plugins compatible for Editor in 0.50 ms, found 3 plugins.
Preloading 0 native plugins for Editor in 0.00 ms.
Unloading 2376 Unused Serialized files (Serialized files now loaded: 0)
System memory in use before: 107.4 MB.
System memory in use after: 107.7 MB.

Unloading 16 unused Assets to reduce memory usage. Loaded Objects now: 3017.
Total: 4.985400 ms (FindLiveObjects: 0.799700 ms CreateObjectMapping: 0.139900 ms MarkObjects: 3.995400 ms  DeleteObjects: 0.048400 ms)

========================================================================
Received Prepare
Registering precompiled user dll's ...
Registered in 0.004795 seconds.
Begin MonoManager ReloadAssembly
Native extension for WindowsStandalone target not found
Refreshing native plugins compatible for Editor in 0.77 ms, found 3 plugins.
Preloading 0 native plugins for Editor in 0.00 ms.
Mono: successfully reloaded assembly
- Completed reload, in  1.164 seconds
Platform modules already initialized, skipping
Refreshing native plugins compatible for Editor in 0.63 ms, found 3 plugins.
Preloading 0 native plugins for Editor in 0.00 ms.
Unloading 2376 Unused Serialized files (Serialized files now loaded: 0)
System memory in use before: 107.4 MB.
System memory in use after: 107.7 MB.

Unloading 16 unused Assets to reduce memory usage. Loaded Objects now: 3021.
Total: 3.086500 ms (FindLiveObjects: 0.309600 ms CreateObjectMapping: 0.118300 ms MarkObjects: 2.637200 ms  DeleteObjects: 0.020200 ms)

========================================================================
Received Import Request.
  Time since last request: 1080.775895 seconds.
  path: ProjectSettings/TagManager.asset
  artifactKey: Guid(00000000000000003000000000000000) Importer(815301076,1909f56bfc062723c751e8b465ee728b)
Start importing ProjectSettings/TagManager.asset using Guid(00000000000000003000000000000000) Importer(815301076,1909f56bfc062723c751e8b465ee728b)  -> (artifact id: '5ff736e781c9396eb3a9ebe5d00f0cbb') in 0.034834 seconds
  Import took 0.040354 seconds .

========================================================================
Received Prepare
Registering precompiled user dll's ...
Registered in 0.005385 seconds.
Begin MonoManager ReloadAssembly
Native extension for WindowsStandalone target not found
Refreshing native plugins compatible for Editor in 0.49 ms, found 3 plugins.
Preloading 0 native plugins for Editor in 0.00 ms.
Mono: successfully reloaded assembly
- Completed reload, in  1.226 seconds
Platform modules already initialized, skipping
Refreshing native plugins compatible for Editor in 0.48 ms, found 3 plugins.
Preloading 0 native plugins for Editor in 0.00 ms.
Unloading 2376 Unused Serialized files (Serialized files now loaded: 0)
System memory in use before: 107.4 MB.
System memory in use after: 107.6 MB.

Unloading 17 unused Assets to reduce memory usage. Loaded Objects now: 3025.
Total: 4.389600 ms (FindLiveObjects: 0.655300 ms CreateObjectMapping: 0.300500 ms MarkObjects: 3.409400 ms  DeleteObjects: 0.022900 ms)

========================================================================
Received Prepare
Registering precompiled user dll's ...
Registered in 0.005973 seconds.
Begin MonoManager ReloadAssembly
Native extension for WindowsStandalone target not found
Refreshing native plugins compatible for Editor in 0.48 ms, found 3 plugins.
Preloading 0 native plugins for Editor in 0.00 ms.
Mono: successfully reloaded assembly
- Completed reload, in  1.238 seconds
Platform modules already initialized, skipping
Refreshing native plugins compatible for Editor in 0.66 ms, found 3 plugins.
Preloading 0 native plugins for Editor in 0.00 ms.
Unloading 2377 Unused Serialized files (Serialized files now loaded: 0)
System memory in use before: 107.5 MB.
System memory in use after: 107.7 MB.

Unloading 16 unused Assets to reduce memory usage. Loaded Objects now: 3030.
Total: 2.955300 ms (FindLiveObjects: 0.357500 ms CreateObjectMapping: 0.161700 ms MarkObjects: 2.415200 ms  DeleteObjects: 0.018700 ms)

========================================================================
Received Import Request.
  Time since last request: 369.663969 seconds.
  path: Assets/Scripts/T.cs
  artifactKey: Guid(0a44526343fc12643b0ecc59c6c46f33) Importer(815301076,1909f56bfc062723c751e8b465ee728b)
Start importing Assets/Scripts/T.cs using Guid(0a44526343fc12643b0ecc59c6c46f33) Importer(815301076,1909f56bfc062723c751e8b465ee728b)  -> (artifact id: '5269e792b720f30d5d1682ea9f48efaa') in 0.010800 seconds
  Import took 0.016107 seconds .

========================================================================
Received Prepare
Registering precompiled user dll's ...
Registered in 0.005509 seconds.
Begin MonoManager ReloadAssembly
Native extension for WindowsStandalone target not found
Refreshing native plugins compatible for Editor in 0.71 ms, found 3 plugins.
Preloading 0 native plugins for Editor in 0.00 ms.
Mono: successfully reloaded assembly
- Completed reload, in  1.230 seconds
Platform modules already initialized, skipping
Refreshing native plugins compatible for Editor in 0.54 ms, found 3 plugins.
Preloading 0 native plugins for Editor in 0.00 ms.
Unloading 2376 Unused Serialized files (Serialized files now loaded: 0)
System memory in use before: 107.5 MB.
System memory in use after: 107.7 MB.

Unloading 17 unused Assets to reduce memory usage. Loaded Objects now: 3033.
Total: 4.343300 ms (FindLiveObjects: 0.502700 ms CreateObjectMapping: 0.287700 ms MarkObjects: 3.488300 ms  DeleteObjects: 0.063200 ms)

========================================================================
Received Import Request.
  Time since last request: 24.497585 seconds.
  path: Assets/Scripts/TagList.cs
  artifactKey: Guid(4a1966b806c9cd24f97c919fee59e838) Importer(815301076,1909f56bfc062723c751e8b465ee728b)
Start importing Assets/Scripts/TagList.cs using Guid(4a1966b806c9cd24f97c919fee59e838) Importer(815301076,1909f56bfc062723c751e8b465ee728b)  -> (artifact id: 'cadb781b6dab0e12b7c5bbaf9e976495') in 0.014887 seconds
  Import took 0.021116 seconds .

========================================================================
Received Prepare
Registering precompiled user dll's ...
Registered in 0.005031 seconds.
Begin MonoManager ReloadAssembly
Native extension for WindowsStandalone target not found
Refreshing native plugins compatible for Editor in 0.59 ms, found 3 plugins.
Preloading 0 native plugins for Editor in 0.00 ms.
Mono: successfully reloaded assembly
- Completed reload, in  1.825 seconds
Platform modules already initialized, skipping
Refreshing native plugins compatible for Editor in 0.96 ms, found 3 plugins.
Preloading 0 native plugins for Editor in 0.00 ms.
Unloading 2377 Unused Serialized files (Serialized files now loaded: 0)
System memory in use before: 107.5 MB.
System memory in use after: 107.7 MB.

Unloading 16 unused Assets to reduce memory usage. Loaded Objects now: 3038.
Total: 6.103900 ms (FindLiveObjects: 1.440900 ms CreateObjectMapping: 0.604300 ms MarkObjects: 4.022300 ms  DeleteObjects: 0.033000 ms)

========================================================================
Received Import Request.
  Time since last request: 34.548616 seconds.
  path: Assets/Scripts/TagList.cs
  artifactKey: Guid(4a1966b806c9cd24f97c919fee59e838) Importer(815301076,1909f56bfc062723c751e8b465ee728b)
Start importing Assets/Scripts/TagList.cs using Guid(4a1966b806c9cd24f97c919fee59e838) Importer(815301076,1909f56bfc062723c751e8b465ee728b)  -> (artifact id: 'aa9f010bf355f0d14c7628e60c3f3c6b') in 0.008610 seconds
  Import took 0.016321 seconds .

========================================================================
Received Prepare
Registering precompiled user dll's ...
Registered in 0.006559 seconds.
Begin MonoManager ReloadAssembly
Native extension for WindowsStandalone target not found
Refreshing native plugins compatible for Editor in 0.46 ms, found 3 plugins.
Preloading 0 native plugins for Editor in 0.00 ms.
Mono: successfully reloaded assembly
- Completed reload, in  1.263 seconds
Platform modules already initialized, skipping
Refreshing native plugins compatible for Editor in 0.57 ms, found 3 plugins.
Preloading 0 native plugins for Editor in 0.00 ms.
Unloading 2377 Unused Serialized files (Serialized files now loaded: 0)
System memory in use before: 107.5 MB.
System memory in use after: 107.7 MB.

Unloading 16 unused Assets to reduce memory usage. Loaded Objects now: 3042.
Total: 2.912900 ms (FindLiveObjects: 0.336500 ms CreateObjectMapping: 0.142300 ms MarkObjects: 2.413200 ms  DeleteObjects: 0.019400 ms)

========================================================================
Received Import Request.
  Time since last request: 167.968475 seconds.
  path: Assets/Scripts/TagList.cs
  artifactKey: Guid(4a1966b806c9cd24f97c919fee59e838) Importer(815301076,1909f56bfc062723c751e8b465ee728b)
Start importing Assets/Scripts/TagList.cs using Guid(4a1966b806c9cd24f97c919fee59e838) Importer(815301076,1909f56bfc062723c751e8b465ee728b)  -> (artifact id: 'c36a9ef08dfd676aaccf287d22bf62a1') in 0.008126 seconds
  Import took 0.015308 seconds .

========================================================================
Received Import Request.
  Time since last request: 0.061402 seconds.
  path: Assets/Scripts/TagList.cs
  artifactKey: Guid(4a1966b806c9cd24f97c919fee59e838) Importer(815301076,1909f56bfc062723c751e8b465ee728b)
Start importing Assets/Scripts/TagList.cs using Guid(4a1966b806c9cd24f97c919fee59e838) Importer(815301076,1909f56bfc062723c751e8b465ee728b)  -> (artifact id: 'c36a9ef08dfd676aaccf287d22bf62a1') in 0.003149 seconds
  Import took 0.009296 seconds .

========================================================================
Received Prepare
Registering precompiled user dll's ...
Registered in 0.004975 seconds.
Begin MonoManager ReloadAssembly
Native extension for WindowsStandalone target not found
Refreshing native plugins compatible for Editor in 0.60 ms, found 3 plugins.
Preloading 0 native plugins for Editor in 0.00 ms.
Mono: successfully reloaded assembly
- Completed reload, in  1.255 seconds
Platform modules already initialized, skipping
Refreshing native plugins compatible for Editor in 0.47 ms, found 3 plugins.
Preloading 0 native plugins for Editor in 0.00 ms.
Unloading 2377 Unused Serialized files (Serialized files now loaded: 0)
System memory in use before: 107.4 MB.
System memory in use after: 107.7 MB.

Unloading 16 unused Assets to reduce memory usage. Loaded Objects now: 3046.
Total: 2.886000 ms (FindLiveObjects: 0.233600 ms CreateObjectMapping: 0.100600 ms MarkObjects: 2.531500 ms  DeleteObjects: 0.019100 ms)

========================================================================
Received Prepare
Registering precompiled user dll's ...
Registered in 0.004841 seconds.
Begin MonoManager ReloadAssembly
Native extension for WindowsStandalone target not found
Refreshing native plugins compatible for Editor in 0.81 ms, found 3 plugins.
Preloading 0 native plugins for Editor in 0.00 ms.
Mono: successfully reloaded assembly
- Completed reload, in  1.182 seconds
Platform modules already initialized, skipping
Refreshing native plugins compatible for Editor in 0.47 ms, found 3 plugins.
Preloading 0 native plugins for Editor in 0.00 ms.
Unloading 2377 Unused Serialized files (Serialized files now loaded: 0)
System memory in use before: 107.5 MB.
System memory in use after: 107.8 MB.

Unloading 16 unused Assets to reduce memory usage. Loaded Objects now: 3050.
Total: 3.519600 ms (FindLiveObjects: 0.673800 ms CreateObjectMapping: 0.210500 ms MarkObjects: 2.587700 ms  DeleteObjects: 0.046000 ms)

========================================================================
Received Prepare
Registering precompiled user dll's ...
Registered in 0.005738 seconds.
Begin MonoManager ReloadAssembly
Native extension for WindowsStandalone target not found
Refreshing native plugins compatible for Editor in 0.49 ms, found 3 plugins.
Preloading 0 native plugins for Editor in 0.00 ms.
Mono: successfully reloaded assembly
- Completed reload, in  1.357 seconds
Platform modules already initialized, skipping
Refreshing native plugins compatible for Editor in 0.57 ms, found 3 plugins.
Preloading 0 native plugins for Editor in 0.00 ms.
Unloading 2377 Unused Serialized files (Serialized files now loaded: 0)
System memory in use before: 107.6 MB.
System memory in use after: 107.8 MB.

Unloading 16 unused Assets to reduce memory usage. Loaded Objects now: 3054.
Total: 3.578600 ms (FindLiveObjects: 0.459600 ms CreateObjectMapping: 0.198100 ms MarkObjects: 2.898400 ms  DeleteObjects: 0.020800 ms)

========================================================================
Received Prepare
Registering precompiled user dll's ...
Registered in 0.006835 seconds.
Begin MonoManager ReloadAssembly
Native extension for WindowsStandalone target not found
Refreshing native plugins compatible for Editor in 0.73 ms, found 3 plugins.
Preloading 0 native plugins for Editor in 0.00 ms.
Mono: successfully reloaded assembly
- Completed reload, in  1.317 seconds
Platform modules already initialized, skipping
Refreshing native plugins compatible for Editor in 0.47 ms, found 3 plugins.
Preloading 0 native plugins for Editor in 0.00 ms.
Unloading 2377 Unused Serialized files (Serialized files now loaded: 0)
System memory in use before: 107.6 MB.
System memory in use after: 107.8 MB.

Unloading 16 unused Assets to reduce memory usage. Loaded Objects now: 3058.
Total: 4.248200 ms (FindLiveObjects: 1.134700 ms CreateObjectMapping: 0.299600 ms MarkObjects: 2.784300 ms  DeleteObjects: 0.027700 ms)

========================================================================
Received Prepare
Registering precompiled user dll's ...
Registered in 0.006484 seconds.
Begin MonoManager ReloadAssembly
Native extension for WindowsStandalone target not found
Refreshing native plugins compatible for Editor in 0.46 ms, found 3 plugins.
Preloading 0 native plugins for Editor in 0.00 ms.
Mono: successfully reloaded assembly
- Completed reload, in  1.120 seconds
Platform modules already initialized, skipping
Refreshing native plugins compatible for Editor in 0.46 ms, found 3 plugins.
Preloading 0 native plugins for Editor in 0.00 ms.
Unloading 2377 Unused Serialized files (Serialized files now loaded: 0)
System memory in use before: 107.6 MB.
System memory in use after: 107.8 MB.

Unloading 16 unused Assets to reduce memory usage. Loaded Objects now: 3062.
Total: 3.607900 ms (FindLiveObjects: 0.795700 ms CreateObjectMapping: 0.166200 ms MarkObjects: 2.619500 ms  DeleteObjects: 0.025200 ms)

